Sat Mar 15 20:22:13 CST 2025 | Failed to load accounts: accounts.json (系统找不到指定的文件。)
Sat Mar 15 20:22:14 CST 2025 | Command processing error: HELO
Sat Mar 15 20:33:52 CST 2025 | Failed to load accounts: accounts.json (系统找不到指定的文件。)
Sat Mar 15 20:49:03 CST 2025 | Connection error: Connection reset
Sat Mar 15 20:49:05 CST 2025 | Failed to load accounts: accounts.json (系统找不到指定的文件。)
Sat Mar 15 20:58:54 CST 2025 | Command processing error: HELO
Sat Mar 15 21:09:55 CST 2025 | Connection error: Connection reset
Sat Mar 15 21:18:01 CST 2025 | Connection error: Connection reset
Sat Mar 15 21:21:47 CST 2025 | Connection error: Connection reset
Sat Mar 15 21:34:22 CST 2025 | Connection error: Connection reset
Sun Mar 23 15:47:38 CST 2025 | Connection error: Connection reset
Sun Mar 23 15:47:58 CST 2025 | Connection error: Connection reset
Sun Mar 23 15:50:38 CST 2025 | Connection error: Connection reset
Sun Mar 23 15:54:06 CST 2025 | Connection error: Connection reset
Sun Mar 23 15:54:29 CST 2025 | Connection error: Connection reset
Sun Mar 23 16:06:22 CST 2025 | Connection error: Connection reset
Sun Mar 23 16:07:50 CST 2025 | Connection error: Connection reset
Sun Mar 23 16:08:03 CST 2025 | Connection error: Connection reset
Sun Mar 23 16:17:51 CST 2025 | Connection error: Connection reset
Sun Mar 23 16:20:54 CST 2025 | Command processing error: HELO 
Sun Mar 23 16:20:57 CST 2025 | Connection error: Connection reset
Sun Mar 23 16:29:49 CST 2025 | Connection error: Connection reset
Sun Mar 23 16:30:04 CST 2025 | Connection error: Connection reset
Sun Mar 23 16:33:47 CST 2025 | Connection error: Connection reset
Sun Mar 23 16:34:07 CST 2025 | Connection error: Connection reset
Sun Mar 23 16:35:15 CST 2025 | Connection error: Connection reset
Sun Mar 23 16:40:18 CST 2025 | Connection error: Connection reset
Sun Mar 23 16:45:03 CST 2025 | Connection error: Connection reset
Sun Mar 23 16:46:33 CST 2025 | Connection error: Connection reset
Sun Mar 23 16:54:03 CST 2025 | Connection error: Connection reset
Sun Mar 23 16:54:37 CST 2025 | Connection error: Connection reset
Sun Mar 23 16:56:12 CST 2025 | Connection error: Connection reset
Sun Mar 23 16:59:59 CST 2025 | Connection error: Connection reset
Sun Mar 23 17:00:20 CST 2025 | Connection error: Connection reset
Sun Mar 23 17:01:50 CST 2025 | Connection error: Connection reset
